<?xml version="1.0" encoding="UTF-8"?>
<!-- Generated by org.testng.reporters.JUnitReportReporter -->
<testsuite hostname="PUKSHARMA.local" name="com.codebind.AppTest" tests="1" failures="0" timestamp="21 Mar 2017 04:42:58 GMT" time="4.831" errors="0">
  <testcase name="test" time="4.831" classname="com.codebind.AppTest"/>
</testsuite> <!-- com.codebind.AppTest -->
